Change Component Comment : Designator=POT3 Old Comment=1-1623849-0 New Comment=*
Change Component Comment : Designator=POT1 Old Comment=100k Pot Thumbwheel New Comment=*
Change Component Comment : Designator=POT2 Old Comment=100k Pot Thumbwheel New Comment=*
Change Component Comment : Designator=C8 Old Comment=Cap 2-5x11 New Comment=
Change Component Comment : Designator=C9 Old Comment=Cap 5-10x30 New Comment=
Change Component Comment : Designator=U3 Old Comment=Inverter New Comment=*
Change Component Comment : Designator=U5 Old Comment=OpAmp New Comment=*
Change Component Comment : Designator=U1 Old Comment=Regulator New Comment=*
Change Component Comment : Designator=R7 Old Comment=R Thru Hole New Comment=
Change Component Comment : Designator=R8 Old Comment=R Thru Hole New Comment=
Change component parameters: Designator = "Q1"; Footprint = "SCT2450KEC"; UniqueID = "\BHQLPDJD"
Change component parameters. Clean all parameters for all variants
Change component parameters: Designator = "C8"; Footprint = "CAPPR2-5X11"; UniqueID = "\MGGJOHTB"
Change component parameters. Clean all parameters for all variants
Change component parameters (AddParameter): Name = "LatestRevisionDate"; Value = "17-Jul-2002"; VariantName = "[No Variations]"
Change component parameters (AddParameter): Name = "LatestRevisionNote"; Value = "Re-released for DXP Platform."; VariantName = "[No Variations]"
Change component parameters (AddParameter): Name = "Published"; Value = "8-Jun-2000"; VariantName = "[No Variations]"
Change component parameters (AddParameter): Name = "Publisher"; Value = "Altium Limited"; VariantName = "[No Variations]"
Change component parameters (AddParameter): Name = "Value"; Value = "100pF"; VariantName = "[No Variations]"
Change component parameters: Designator = "R8"; Footprint = "RES10.55-7X2.8"; UniqueID = "\RFYGERUR"
Change component parameters. Clean all parameters for all variants
Change component parameters (AddParameter): Name = "LatestRevisionDate"; Value = "17-Jul-2002"; VariantName = "[No Variations]"
Change component parameters (AddParameter): Name = "LatestRevisionNote"; Value = "Re-released for DXP Platform."; VariantName = "[No Variations]"
Change component parameters (AddParameter): Name = "Published"; Value = "8-Jun-2000"; VariantName = "[No Variations]"
Change component parameters (AddParameter): Name = "Publisher"; Value = "Altium Limited"; VariantName = "[No Variations]"
Change component parameters (AddParameter): Name = "Value"; Value = "1K"; VariantName = "[No Variations]"
Change component parameters: Designator = "C9"; Footprint = "CAPPR5-10X30"; UniqueID = "\QTBOXWQO"
Change component parameters. Clean all parameters for all variants
Change component parameters (AddParameter): Name = "LatestRevisionDate"; Value = "17-Jul-2002"; VariantName = "[No Variations]"
Change component parameters (AddParameter): Name = "LatestRevisionNote"; Value = "Re-released for DXP Platform."; VariantName = "[No Variations]"
Change component parameters (AddParameter): Name = "Published"; Value = "8-Jun-2000"; VariantName = "[No Variations]"
Change component parameters (AddParameter): Name = "Publisher"; Value = "Altium Limited"; VariantName = "[No Variations]"
Change component parameters (AddParameter): Name = "Value"; Value = "100pF"; VariantName = "[No Variations]"
