Replace Part C1 Cap Pol1 in \\my.files.iastate.edu\Users\jscheng\Documents\Tesla-Coil\Tesla Coil\Tesla Coil Schematic.SchDoc with Cap Pol1 from Miscellaneous Devices.IntLib
Replace Part C2 Cap Pol1 in \\my.files.iastate.edu\Users\jscheng\Documents\Tesla-Coil\Tesla Coil\Tesla Coil Schematic.SchDoc with Cap Pol1 from Miscellaneous Devices.IntLib
Replace Part C3 Cap Pol1 in \\my.files.iastate.edu\Users\jscheng\Documents\Tesla-Coil\Tesla Coil\Tesla Coil Schematic.SchDoc with Cap Pol1 from Miscellaneous Devices.IntLib
Replace Part C4 Cap Pol1 in \\my.files.iastate.edu\Users\jscheng\Documents\Tesla-Coil\Tesla Coil\Tesla Coil Schematic.SchDoc with Cap Pol1 from Miscellaneous Devices.IntLib
Replace Part C5 Cap Pol1 in \\my.files.iastate.edu\Users\jscheng\Documents\Tesla-Coil\Tesla Coil\Tesla Coil Schematic.SchDoc with Cap Pol1 from Miscellaneous Devices.IntLib
Replace Part C6 Cap Pol1 in \\my.files.iastate.edu\Users\jscheng\Documents\Tesla-Coil\Tesla Coil\Tesla Coil Schematic.SchDoc with Cap Pol1 from Miscellaneous Devices.IntLib
Replace Part C7 Cap 2-5x11 in \\my.files.iastate.edu\Users\jscheng\Documents\Tesla-Coil\Tesla Coil\Tesla Coil Schematic.SchDoc with Cap 2-5x11 from Common.SchLib
Replace Part J4 Phonejack2 TN in \\my.files.iastate.edu\Users\jscheng\Documents\Tesla-Coil\Tesla Coil\Tesla Coil Schematic.SchDoc with Phonejack2 TN from Miscellaneous Connectors.IntLib
Replace Part L1 Inductor Adj in \\my.files.iastate.edu\Users\jscheng\Documents\Tesla-Coil\Tesla Coil\Tesla Coil Schematic.SchDoc with Inductor Adj from Miscellaneous Devices.IntLib
Replace Part Q1 SCT2450KEC in \\my.files.iastate.edu\Users\jscheng\Documents\Tesla-Coil\Tesla Coil\Tesla Coil Schematic.SchDoc with SCT2450KEC from Tesla_Coil_Parts2.SchLib
Replace Part Q2 SCT2450KEC in \\my.files.iastate.edu\Users\jscheng\Documents\Tesla-Coil\Tesla Coil\Tesla Coil Schematic.SchDoc with SCT2450KEC from Tesla_Coil_Parts2.SchLib
Replace Part Q3 SCT2450KEC in \\my.files.iastate.edu\Users\jscheng\Documents\Tesla-Coil\Tesla Coil\Tesla Coil Schematic.SchDoc with SCT2450KEC from Tesla_Coil_Parts2.SchLib
Replace Part Q4 SCT2450KEC in \\my.files.iastate.edu\Users\jscheng\Documents\Tesla-Coil\Tesla Coil\Tesla Coil Schematic.SchDoc with SCT2450KEC from Tesla_Coil_Parts2.SchLib
Replace Part R1 R Thru Hole in \\my.files.iastate.edu\Users\jscheng\Documents\Tesla-Coil\Tesla Coil\Tesla Coil Schematic.SchDoc with R Thru Hole from Common.IntLib
Replace Part R2 R Thru Hole in \\my.files.iastate.edu\Users\jscheng\Documents\Tesla-Coil\Tesla Coil\Tesla Coil Schematic.SchDoc with R Thru Hole from Common.IntLib
Replace Part R3 R Thru Hole in \\my.files.iastate.edu\Users\jscheng\Documents\Tesla-Coil\Tesla Coil\Tesla Coil Schematic.SchDoc with R Thru Hole from Common.IntLib
Replace Part R4 R Thru Hole in \\my.files.iastate.edu\Users\jscheng\Documents\Tesla-Coil\Tesla Coil\Tesla Coil Schematic.SchDoc with R Thru Hole from Common.IntLib
Replace Part R5 R Thru Hole in \\my.files.iastate.edu\Users\jscheng\Documents\Tesla-Coil\Tesla Coil\Tesla Coil Schematic.SchDoc with R Thru Hole from Common.SchLib
Replace Part R6 R Thru Hole in \\my.files.iastate.edu\Users\jscheng\Documents\Tesla-Coil\Tesla Coil\Tesla Coil Schematic.SchDoc with R Thru Hole from Common.SchLib
Replace Part U3 MCP6562-E/SN in \\my.files.iastate.edu\Users\jscheng\Documents\Tesla-Coil\Tesla Coil\Tesla Coil Schematic.SchDoc with MCP6562-E/SN from Tesla_Coil_Parts2.SchLib
Replace Part U5 LM358 (DIP Socket) in \\my.files.iastate.edu\Users\jscheng\Documents\Tesla-Coil\Tesla Coil\Tesla Coil Schematic.SchDoc with LM358 (DIP Socket) from Tesla_Coil_Parts2.SchLib
Replace Part U??? REG in \\my.files.iastate.edu\Users\jscheng\Documents\Tesla-Coil\Tesla Coil\Tesla Coil Schematic.SchDoc with REG from Tesla_Coil_Parts2.SchLib
