Change Component Comment : Designator=POT1 Old Comment=* New Comment=100k Pot Thumbwheel
Change Component Comment : Designator=POT2 Old Comment=* New Comment=100k Pot Thumbwheel
Change Component Comment : Designator=POT3 Old Comment=* New Comment=100k Pot Thumbwheel
Change Component Comment : Designator=U5 Old Comment=* New Comment=LM358 (DIP Socket)
Change Component Comment : Designator=U3 Old Comment=* New Comment=MCP6562-E/SN
Change Component Comment : Designator=U1 Old Comment=* New Comment=REG
Change Component Comment : Designator=Q2 Old Comment=* New Comment=SCT2450KEC
Change Component Comment : Designator=Q3 Old Comment=* New Comment=SCT2450KEC
Change Component Comment : Designator=Q4 Old Comment=* New Comment=SCT2450KEC
Change Component Comment : Designator=C7 Old Comment= New Comment=Cap 2-5x11
Change Component Comment : Designator=C8 Old Comment= New Comment=Cap 2-5x11
Change Component Comment : Designator=C9 Old Comment= New Comment=Cap 5-10x30
Change Component Comment : Designator=C1 Old Comment= New Comment=Cap Pol1
Change Component Comment : Designator=C2 Old Comment= New Comment=Cap Pol1
Change Component Comment : Designator=C3 Old Comment= New Comment=Cap Pol1
Change Component Comment : Designator=C4 Old Comment= New Comment=Cap Pol1
Change Component Comment : Designator=C5 Old Comment= New Comment=Cap Pol1
Change Component Comment : Designator=C6 Old Comment= New Comment=Cap Pol1
Change Component Comment : Designator=L1 Old Comment= New Comment=Inductor Adj
Change Component Comment : Designator=R1 Old Comment= New Comment=R Thru Hole
Change Component Comment : Designator=R2 Old Comment= New Comment=R Thru Hole
Change Component Comment : Designator=R3 Old Comment= New Comment=R Thru Hole
Change Component Comment : Designator=R4 Old Comment= New Comment=R Thru Hole
Change Component Comment : Designator=R5 Old Comment= New Comment=R Thru Hole
Change Component Comment : Designator=R6 Old Comment= New Comment=R Thru Hole
Change Component Comment : Designator=R7 Old Comment= New Comment=R Thru Hole
Change Component Comment : Designator=R8 Old Comment= New Comment=R Thru Hole
Change Component Comment : Designator=R9 Old Comment= New Comment=R Thru Hole
Change Component Comment : Designator=J4 Old Comment=3.5mm Jack New Comment=Component_1
