Replace Part C1 Cap Pol1 in \\my.files.iastate.edu\Users\jscheng\Documents\Tesla-Coil\Tesla Coil\Tesla Coil Schematic.SchDoc with Cap Pol1 from Miscellaneous Devices.IntLib
Replace Part C2 Cap Pol1 in \\my.files.iastate.edu\Users\jscheng\Documents\Tesla-Coil\Tesla Coil\Tesla Coil Schematic.SchDoc with Cap Pol1 from Miscellaneous Devices.IntLib
Replace Part C3 Cap Pol1 in \\my.files.iastate.edu\Users\jscheng\Documents\Tesla-Coil\Tesla Coil\Tesla Coil Schematic.SchDoc with Cap Pol1 from Miscellaneous Devices.IntLib
Replace Part C4 Cap Pol1 in \\my.files.iastate.edu\Users\jscheng\Documents\Tesla-Coil\Tesla Coil\Tesla Coil Schematic.SchDoc with Cap Pol1 from Miscellaneous Devices.IntLib
Replace Part C5 Cap Pol1 in \\my.files.iastate.edu\Users\jscheng\Documents\Tesla-Coil\Tesla Coil\Tesla Coil Schematic.SchDoc with Cap Pol1 from Miscellaneous Devices.IntLib
Replace Part C6 Cap Pol1 in \\my.files.iastate.edu\Users\jscheng\Documents\Tesla-Coil\Tesla Coil\Tesla Coil Schematic.SchDoc with Cap Pol1 from Miscellaneous Devices.IntLib
Replace Part C7 Cap 2-5x11 in \\my.files.iastate.edu\Users\jscheng\Documents\Tesla-Coil\Tesla Coil\Tesla Coil Schematic.SchDoc with Cap 2-5x11 from Common.SchLib
Replace Part C8 Cap 2-5x11 in \\my.files.iastate.edu\Users\jscheng\Documents\Tesla-Coil\Tesla Coil\Tesla Coil Schematic.SchDoc with Cap 2-5x11 from Common.SchLib
Replace Part C9 Cap 5-10x30 in \\my.files.iastate.edu\Users\jscheng\Documents\Tesla-Coil\Tesla Coil\Tesla Coil Schematic.SchDoc with Cap 5-10x30 from Common.IntLib
Replace Part J4 Component_1 in \\my.files.iastate.edu\Users\jscheng\Documents\Tesla-Coil\Tesla Coil\Tesla Coil Schematic.SchDoc with Component_1 from 3.5mm HPJ TC.SchLib
Replace Part L1 Inductor Adj in \\my.files.iastate.edu\Users\jscheng\Documents\Tesla-Coil\Tesla Coil\Tesla Coil Schematic.SchDoc with Inductor Adj from Miscellaneous Devices.IntLib
Replace Part POT1 100k Pot Thumbwheel in \\my.files.iastate.edu\Users\jscheng\Documents\Tesla-Coil\Tesla Coil\Tesla Coil Schematic.SchDoc with 100k Pot Thumbwheel from Tesla_Coil_Parts2.SchLib
Replace Part POT2 100k Pot Thumbwheel in \\my.files.iastate.edu\Users\jscheng\Documents\Tesla-Coil\Tesla Coil\Tesla Coil Schematic.SchDoc with 100k Pot Thumbwheel from Tesla_Coil_Parts2.SchLib
Replace Part POT3 100k Pot Thumbwheel in \\my.files.iastate.edu\Users\jscheng\Documents\Tesla-Coil\Tesla Coil\Tesla Coil Schematic.SchDoc with 100k Pot Thumbwheel from Tesla_Coil_Parts2.SchLib
Replace Part Q1 SCT2450KEC in \\my.files.iastate.edu\Users\jscheng\Documents\Tesla-Coil\Tesla Coil\Tesla Coil Schematic.SchDoc with SCT2450KEC from Tesla_Coil_Parts2.SchLib
Replace Part Q2 SCT2450KEC in \\my.files.iastate.edu\Users\jscheng\Documents\Tesla-Coil\Tesla Coil\Tesla Coil Schematic.SchDoc with SCT2450KEC from Tesla_Coil_Parts2.SchLib
Replace Part Q3 SCT2450KEC in \\my.files.iastate.edu\Users\jscheng\Documents\Tesla-Coil\Tesla Coil\Tesla Coil Schematic.SchDoc with SCT2450KEC from Tesla_Coil_Parts2.SchLib
Replace Part Q4 SCT2450KEC in \\my.files.iastate.edu\Users\jscheng\Documents\Tesla-Coil\Tesla Coil\Tesla Coil Schematic.SchDoc with SCT2450KEC from Tesla_Coil_Parts2.SchLib
Replace Part R1 R Thru Hole in \\my.files.iastate.edu\Users\jscheng\Documents\Tesla-Coil\Tesla Coil\Tesla Coil Schematic.SchDoc with R Thru Hole from Common.IntLib
Replace Part R2 R Thru Hole in \\my.files.iastate.edu\Users\jscheng\Documents\Tesla-Coil\Tesla Coil\Tesla Coil Schematic.SchDoc with R Thru Hole from Common.IntLib
Replace Part R3 R Thru Hole in \\my.files.iastate.edu\Users\jscheng\Documents\Tesla-Coil\Tesla Coil\Tesla Coil Schematic.SchDoc with R Thru Hole from Common.IntLib
Replace Part R4 R Thru Hole in \\my.files.iastate.edu\Users\jscheng\Documents\Tesla-Coil\Tesla Coil\Tesla Coil Schematic.SchDoc with R Thru Hole from Common.IntLib
Replace Part R5 R Thru Hole in \\my.files.iastate.edu\Users\jscheng\Documents\Tesla-Coil\Tesla Coil\Tesla Coil Schematic.SchDoc with R Thru Hole from Common.SchLib
Replace Part R6 R Thru Hole in \\my.files.iastate.edu\Users\jscheng\Documents\Tesla-Coil\Tesla Coil\Tesla Coil Schematic.SchDoc with R Thru Hole from Common.SchLib
Replace Part R7 R Thru Hole in \\my.files.iastate.edu\Users\jscheng\Documents\Tesla-Coil\Tesla Coil\Tesla Coil Schematic.SchDoc with R Thru Hole from Common.SchLib
Replace Part R8 R Thru Hole in \\my.files.iastate.edu\Users\jscheng\Documents\Tesla-Coil\Tesla Coil\Tesla Coil Schematic.SchDoc with R Thru Hole from Common.SchLib
Replace Part U1 REG in \\my.files.iastate.edu\Users\jscheng\Documents\Tesla-Coil\Tesla Coil\Tesla Coil Schematic.SchDoc with REG from Tesla_Coil_Parts2.SchLib
Replace Part U3 MCP6562-E/SN in \\my.files.iastate.edu\Users\jscheng\Documents\Tesla-Coil\Tesla Coil\Tesla Coil Schematic.SchDoc with MCP6562-E/SN from Tesla_Coil_Parts2.SchLib
Replace Part U5 LM358 (DIP Socket) in \\my.files.iastate.edu\Users\jscheng\Documents\Tesla-Coil\Tesla Coil\Tesla Coil Schematic.SchDoc with LM358 (DIP Socket) from Tesla_Coil_Parts2.SchLib
